mode: set
github.com/baconYao/bookings-app/cmd/web/middleware.go:9.45,19.2 3 1
github.com/baconYao/bookings-app/cmd/web/middleware.go:22.50,24.2 1 1
github.com/baconYao/bookings-app/cmd/web/routes.go:12.49,39.2 18 1
github.com/baconYao/bookings-app/cmd/web/main.go:23.13,25.16 2 0
github.com/baconYao/bookings-app/cmd/web/main.go:30.2,38.16 4 0
github.com/baconYao/bookings-app/cmd/web/main.go:25.16,27.3 1 0
github.com/baconYao/bookings-app/cmd/web/main.go:38.16,40.3 1 0
github.com/baconYao/bookings-app/cmd/web/main.go:43.18,61.16 10 1
github.com/baconYao/bookings-app/cmd/web/main.go:66.2,73.12 6 1
github.com/baconYao/bookings-app/cmd/web/main.go:61.16,64.3 2 0
